1599329966202	geckodriver	INFO	Listening on 127.0.0.1:51731
1599329967197	mozrunner::runner	INFO	Running command: "/Applications/Firefox.app/Contents/MacOS/firefox-bin" "--marionette" "-foreground" "-no-remote" "-profile" "/var/folders/xd/49pvzqyn4571rj96dzq_zsv80000gn/T/rust_mozprofilewDTz6P"
1599329968626	geckodriver	INFO	Listening on 127.0.0.1:51767
1599329968753	mozrunner::runner	INFO	Running command: "/Applications/Firefox.app/Contents/MacOS/firefox-bin" "--marionette" "-foreground" "-no-remote" "-profile" "/var/folders/xd/49pvzqyn4571rj96dzq_zsv80000gn/T/rust_mozprofile2O5JDt"
console.error: SearchCache: "_readCacheFile: Error reading cache file:" (new Error("", "(unknown module)"))
console.error: SearchCache: "_readCacheFile: Error reading cache file:" (new Error("", "(unknown module)"))
1599329978403	Marionette	INFO	Listening on port 51747
1599329978600	Marionette	INFO	Listening on port 51776
1599329978639	Marionette	WARN	TLS certificate errors will be ignored for this session
1599330029136	Marionette	INFO	Stopped listening on port 51747
1599330031036	Marionette	INFO	Stopped listening on port 51776
1599330326068	geckodriver	INFO	Listening on 127.0.0.1:53474
1599330326083	mozrunner::runner	INFO	Running command: "/Applications/Firefox.app/Contents/MacOS/firefox-bin" "--marionette" "-foreground" "-no-remote" "-profile" "/var/folders/xd/49pvzqyn4571rj96dzq_zsv80000gn/T/rust_mozprofileHGG7tp"
console.error: SearchCache: "_readCacheFile: Error reading cache file:" (new Error("", "(unknown module)"))
1599330330324	Marionette	INFO	Listening on port 53483
1599330330383	Marionette	WARN	TLS certificate errors will be ignored for this session
1599330330922	Marionette	INFO	Stopped listening on port 53483
1599330331853	geckodriver	INFO	Listening on 127.0.0.1:53573
1599330332864	mozrunner::runner	INFO	Running command: "/Applications/Firefox.app/Contents/MacOS/firefox-bin" "--marionette" "-foreground" "-no-remote" "-profile" "/var/folders/xd/49pvzqyn4571rj96dzq_zsv80000gn/T/rust_mozprofileQ0ZJlW"
console.error: SearchCache: "_readCacheFile: Error reading cache file:" (new Error("", "(unknown module)"))
1599330336298	Marionette	INFO	Listening on port 53588
1599330336369	Marionette	WARN	TLS certificate errors will be ignored for this session
1599330374160	geckodriver	INFO	Listening on 127.0.0.1:53819
1599330375178	mozrunner::runner	INFO	Running command: "/Applications/Firefox.app/Contents/MacOS/firefox-bin" "--marionette" "-foreground" "-no-remote" "-profile" "/var/folders/xd/49pvzqyn4571rj96dzq_zsv80000gn/T/rust_mozprofileUnrB0x"
console.error: SearchCache: "_readCacheFile: Error reading cache file:" (new Error("", "(unknown module)"))
1599330378516	Marionette	INFO	Listening on port 53834
1599330378615	Marionette	WARN	TLS certificate errors will be ignored for this session
1599330379227	Marionette	INFO	Stopped listening on port 53834
1599330379984	geckodriver	INFO	Listening on 127.0.0.1:53914
1599330381974	mozrunner::runner	INFO	Running command: "/Applications/Firefox.app/Contents/MacOS/firefox-bin" "--marionette" "-foreground" "-no-remote" "-profile" "/var/folders/xd/49pvzqyn4571rj96dzq_zsv80000gn/T/rust_mozprofileBtcbJX"
console.error: SearchCache: "_readCacheFile: Error reading cache file:" (new Error("", "(unknown module)"))
1599330385170	Marionette	INFO	Listening on port 53924
1599330385392	Marionette	WARN	TLS certificate errors will be ignored for this session
console.error: (new TypeError("parent is null", "resource://devtools/client/inspector/shared/style-change-tracker.js", 67))
TypeError: parent is null: canMutationImpactCurrentStyles@resource://devtools/client/inspector/shared/style-change-tracker.js:67:24
onMutations@resource://devtools/client/inspector/shared/style-change-tracker.js:84:41
_emit@resource://devtools/shared/event-emitter.js:226:34
emit@resource://devtools/shared/event-emitter.js:172:18
emit@resource://devtools/shared/event-emitter.js:324:18
getMutations@resource://devtools/client/fronts/walker.js:406:10

console.error: (new TypeError("container.node.targetFront is null", "resource://devtools/client/inspector/markup/markup.js", 2271))
console.error: (new TypeError("container.node.targetFront is null", "resource://devtools/client/inspector/markup/markup.js", 2271))
1599330491689	geckodriver	INFO	Listening on 127.0.0.1:54454
1599330492706	mozrunner::runner	INFO	Running command: "/Applications/Firefox.app/Contents/MacOS/firefox-bin" "--marionette" "-foreground" "-no-remote" "-profile" "/var/folders/xd/49pvzqyn4571rj96dzq_zsv80000gn/T/rust_mozprofilempUhYF"
console.error: SearchCache: "_readCacheFile: Error reading cache file:" (new Error("", "(unknown module)"))
1599330496584	Marionette	INFO	Listening on port 54469
1599330496686	Marionette	WARN	TLS certificate errors will be ignored for this session
1599330497275	Marionette	INFO	Stopped listening on port 54469
1599330497981	geckodriver	INFO	Listening on 127.0.0.1:54550
1599330498985	mozrunner::runner	INFO	Running command: "/Applications/Firefox.app/Contents/MacOS/firefox-bin" "--marionette" "-foreground" "-no-remote" "-profile" "/var/folders/xd/49pvzqyn4571rj96dzq_zsv80000gn/T/rust_mozprofileW76BTt"
console.error: SearchCache: "_readCacheFile: Error reading cache file:" (new Error("", "(unknown module)"))
1599330502218	Marionette	INFO	Listening on port 54562
1599330502275	Marionette	WARN	TLS certificate errors will be ignored for this session
1599330539937	geckodriver	INFO	Listening on 127.0.0.1:54799
1599330539960	mozrunner::runner	INFO	Running command: "/Applications/Firefox.app/Contents/MacOS/firefox-bin" "--marionette" "-foreground" "-no-remote" "-profile" "/var/folders/xd/49pvzqyn4571rj96dzq_zsv80000gn/T/rust_mozprofileZIfGoX"
console.error: SearchCache: "_readCacheFile: Error reading cache file:" (new Error("", "(unknown module)"))
1599330543841	Marionette	INFO	Listening on port 54808
1599330543888	Marionette	WARN	TLS certificate errors will be ignored for this session
1599330544403	Marionette	INFO	Stopped listening on port 54808
1599330545119	geckodriver	INFO	Listening on 127.0.0.1:54892
1599330546124	mozrunner::runner	INFO	Running command: "/Applications/Firefox.app/Contents/MacOS/firefox-bin" "--marionette" "-foreground" "-no-remote" "-profile" "/var/folders/xd/49pvzqyn4571rj96dzq_zsv80000gn/T/rust_mozprofileFNYF6l"
console.error: SearchCache: "_readCacheFile: Error reading cache file:" (new Error("", "(unknown module)"))
1599330549382	Marionette	INFO	Listening on port 54907
1599330549433	Marionette	WARN	TLS certificate errors will be ignored for this session
console.error: (new TypeError("container.node.targetFront is null", "resource://devtools/client/inspector/markup/markup.js", 2271))
console.error: (new TypeError("container.node.targetFront is null", "resource://devtools/client/inspector/markup/markup.js", 2271))
1599330705723	geckodriver	INFO	Listening on 127.0.0.1:55706
1599330705735	mozrunner::runner	INFO	Running command: "/Applications/Firefox.app/Contents/MacOS/firefox-bin" "--marionette" "-foreground" "-no-remote" "-profile" "/var/folders/xd/49pvzqyn4571rj96dzq_zsv80000gn/T/rust_mozprofilesVIlTL"
console.error: SearchCache: "_readCacheFile: Error reading cache file:" (new Error("", "(unknown module)"))
1599330709802	Marionette	INFO	Listening on port 55715
1599330709873	Marionette	WARN	TLS certificate errors will be ignored for this session
1599330710538	Marionette	INFO	Stopped listening on port 55715
1599330711226	geckodriver	INFO	Listening on 127.0.0.1:55806
1599330712235	mozrunner::runner	INFO	Running command: "/Applications/Firefox.app/Contents/MacOS/firefox-bin" "--marionette" "-foreground" "-no-remote" "-profile" "/var/folders/xd/49pvzqyn4571rj96dzq_zsv80000gn/T/rust_mozprofileoqMX4F"
console.error: SearchCache: "_readCacheFile: Error reading cache file:" (new Error("", "(unknown module)"))
1599330715624	Marionette	INFO	Listening on port 55821
1599330715722	Marionette	WARN	TLS certificate errors will be ignored for this session
1599330848775	geckodriver	INFO	Listening on 127.0.0.1:56513
1599330849786	mozrunner::runner	INFO	Running command: "/Applications/Firefox.app/Contents/MacOS/firefox-bin" "--marionette" "-foreground" "-no-remote" "-profile" "/var/folders/xd/49pvzqyn4571rj96dzq_zsv80000gn/T/rust_mozprofileDHSIl9"
console.error: SearchCache: "_readCacheFile: Error reading cache file:" (new Error("", "(unknown module)"))
1599330853761	Marionette	INFO	Listening on port 56528
1599330853831	Marionette	WARN	TLS certificate errors will be ignored for this session
1599330854363	Marionette	INFO	Stopped listening on port 56528
1599330855043	geckodriver	INFO	Listening on 127.0.0.1:56612
1599330856050	mozrunner::runner	INFO	Running command: "/Applications/Firefox.app/Contents/MacOS/firefox-bin" "--marionette" "-foreground" "-no-remote" "-profile" "/var/folders/xd/49pvzqyn4571rj96dzq_zsv80000gn/T/rust_mozprofilemUjEmU"
console.error: SearchCache: "_readCacheFile: Error reading cache file:" (new Error("", "(unknown module)"))
1599330859381	Marionette	INFO	Listening on port 56627
1599330859474	Marionette	WARN	TLS certificate errors will be ignored for this session
1599330913906	geckodriver	INFO	Listening on 127.0.0.1:56936
1599330914921	mozrunner::runner	INFO	Running command: "/Applications/Firefox.app/Contents/MacOS/firefox-bin" "--marionette" "-foreground" "-no-remote" "-profile" "/var/folders/xd/49pvzqyn4571rj96dzq_zsv80000gn/T/rust_mozprofileoaFefr"
console.error: SearchCache: "_readCacheFile: Error reading cache file:" (new Error("", "(unknown module)"))
1599330919181	Marionette	INFO	Listening on port 56951
1599330919249	Marionette	WARN	TLS certificate errors will be ignored for this session
1599330919812	Marionette	INFO	Stopped listening on port 56951
1599330920521	geckodriver	INFO	Listening on 127.0.0.1:57042
1599330921506	mozrunner::runner	INFO	Running command: "/Applications/Firefox.app/Contents/MacOS/firefox-bin" "--marionette" "-foreground" "-no-remote" "-profile" "/var/folders/xd/49pvzqyn4571rj96dzq_zsv80000gn/T/rust_mozprofileJZKWTu"
console.error: SearchCache: "_readCacheFile: Error reading cache file:" (new Error("", "(unknown module)"))
1599330924696	Marionette	INFO	Listening on port 57057
1599330924734	Marionette	WARN	TLS certificate errors will be ignored for this session
1599331071178	geckodriver	INFO	Listening on 127.0.0.1:57787
1599331072192	mozrunner::runner	INFO	Running command: "/Applications/Firefox.app/Contents/MacOS/firefox-bin" "--marionette" "-foreground" "-no-remote" "-profile" "/var/folders/xd/49pvzqyn4571rj96dzq_zsv80000gn/T/rust_mozprofileDz8Usq"
console.error: SearchCache: "_readCacheFile: Error reading cache file:" (new Error("", "(unknown module)"))
1599331076159	Marionette	INFO	Listening on port 57803
1599331076220	Marionette	WARN	TLS certificate errors will be ignored for this session
1599331076839	Marionette	INFO	Stopped listening on port 57803
1599331077546	geckodriver	INFO	Listening on 127.0.0.1:57892
1599331078544	mozrunner::runner	INFO	Running command: "/Applications/Firefox.app/Contents/MacOS/firefox-bin" "--marionette" "-foreground" "-no-remote" "-profile" "/var/folders/xd/49pvzqyn4571rj96dzq_zsv80000gn/T/rust_mozprofilea5e068"
console.error: SearchCache: "_readCacheFile: Error reading cache file:" (new Error("", "(unknown module)"))
1599331081870	Marionette	INFO	Listening on port 57907
1599331081951	Marionette	WARN	TLS certificate errors will be ignored for this session
JavaScript error: , line 0: TypeError: NetworkError when attempting to fetch resource.
JavaScript error: , line 0: TypeError: NetworkError when attempting to fetch resource.
1599331439798	geckodriver	INFO	Listening on 127.0.0.1:59643
1599331439811	mozrunner::runner	INFO	Running command: "/Applications/Firefox.app/Contents/MacOS/firefox-bin" "--marionette" "-foreground" "-no-remote" "-profile" "/var/folders/xd/49pvzqyn4571rj96dzq_zsv80000gn/T/rust_mozprofileuWwtXK"
console.error: SearchCache: "_readCacheFile: Error reading cache file:" (new Error("", "(unknown module)"))
1599331445033	Marionette	INFO	Listening on port 59652
1599331445058	Marionette	WARN	TLS certificate errors will be ignored for this session
1599331445766	Marionette	INFO	Stopped listening on port 59652
1599331446568	geckodriver	INFO	Listening on 127.0.0.1:59753
1599331447553	mozrunner::runner	INFO	Running command: "/Applications/Firefox.app/Contents/MacOS/firefox-bin" "--marionette" "-foreground" "-no-remote" "-profile" "/var/folders/xd/49pvzqyn4571rj96dzq_zsv80000gn/T/rust_mozprofileTwYANX"
console.error: SearchCache: "_readCacheFile: Error reading cache file:" (new Error("", "(unknown module)"))
1599331451152	Marionette	INFO	Listening on port 59768
1599331451261	Marionette	WARN	TLS certificate errors will be ignored for this session
1599331464680	geckodriver	INFO	Listening on 127.0.0.1:59904
1599331465764	mozrunner::runner	INFO	Running command: "/Applications/Firefox.app/Contents/MacOS/firefox-bin" "--marionette" "-foreground" "-no-remote" "-profile" "/var/folders/xd/49pvzqyn4571rj96dzq_zsv80000gn/T/rust_mozprofileJ8e9uH"
console.error: SearchCache: "_readCacheFile: Error reading cache file:" (new Error("", "(unknown module)"))
1599331469674	Marionette	INFO	Listening on port 59923
1599331469741	Marionette	WARN	TLS certificate errors will be ignored for this session
1599331470404	Marionette	INFO	Stopped listening on port 59923
1599331471060	geckodriver	INFO	Listening on 127.0.0.1:60006
1599331472064	mozrunner::runner	INFO	Running command: "/Applications/Firefox.app/Contents/MacOS/firefox-bin" "--marionette" "-foreground" "-no-remote" "-profile" "/var/folders/xd/49pvzqyn4571rj96dzq_zsv80000gn/T/rust_mozprofileeErztV"
console.error: SearchCache: "_readCacheFile: Error reading cache file:" (new Error("", "(unknown module)"))
1599331476183	Marionette	INFO	Listening on port 60021
1599331476234	Marionette	WARN	TLS certificate errors will be ignored for this session
1599331516702	geckodriver	INFO	Listening on 127.0.0.1:60280
1599331516739	mozrunner::runner	INFO	Running command: "/Applications/Firefox.app/Contents/MacOS/firefox-bin" "--marionette" "-foreground" "-no-remote" "-profile" "/var/folders/xd/49pvzqyn4571rj96dzq_zsv80000gn/T/rust_mozprofile3L58FL"
console.error: SearchCache: "_readCacheFile: Error reading cache file:" (new Error("", "(unknown module)"))
1599331520641	Marionette	INFO	Listening on port 60289
1599331520763	Marionette	WARN	TLS certificate errors will be ignored for this session
1599331521349	Marionette	INFO	Stopped listening on port 60289
1599331522134	geckodriver	INFO	Listening on 127.0.0.1:60375
1599331524148	mozrunner::runner	INFO	Running command: "/Applications/Firefox.app/Contents/MacOS/firefox-bin" "--marionette" "-foreground" "-no-remote" "-profile" "/var/folders/xd/49pvzqyn4571rj96dzq_zsv80000gn/T/rust_mozprofiletaUl5A"
console.error: SearchCache: "_readCacheFile: Error reading cache file:" (new Error("", "(unknown module)"))
1599331527327	Marionette	INFO	Listening on port 60387
1599331527508	Marionette	WARN	TLS certificate errors will be ignored for this session
1599331531242	Marionette	INFO	Stopped listening on port 60387
1599331603626	geckodriver	INFO	Listening on 127.0.0.1:60780
1599331604634	mozrunner::runner	INFO	Running command: "/Applications/Firefox.app/Contents/MacOS/firefox-bin" "--marionette" "-foreground" "-no-remote" "-profile" "/var/folders/xd/49pvzqyn4571rj96dzq_zsv80000gn/T/rust_mozprofilemPrhc3"
console.error: SearchCache: "_readCacheFile: Error reading cache file:" (new Error("", "(unknown module)"))
1599331608298	Marionette	INFO	Listening on port 60795
1599331608351	Marionette	WARN	TLS certificate errors will be ignored for this session
1599331609111	Marionette	INFO	Stopped listening on port 60795
1599331609810	geckodriver	INFO	Listening on 127.0.0.1:60872
1599331610799	mozrunner::runner	INFO	Running command: "/Applications/Firefox.app/Contents/MacOS/firefox-bin" "--marionette" "-foreground" "-no-remote" "-profile" "/var/folders/xd/49pvzqyn4571rj96dzq_zsv80000gn/T/rust_mozprofile9Qaq78"
console.error: SearchCache: "_readCacheFile: Error reading cache file:" (new Error("", "(unknown module)"))
1599331614019	Marionette	INFO	Listening on port 60887
1599331614105	Marionette	WARN	TLS certificate errors will be ignored for this session
1599331616915	Marionette	INFO	Stopped listening on port 60887
1599331785457	geckodriver	INFO	Listening on 127.0.0.1:61662
1599331785457	geckodriver	INFO	Listening on 127.0.0.1:61663
1599331785495	mozrunner::runner	INFO	Running command: "/Applications/Firefox.app/Contents/MacOS/firefox-bin" "--marionette" "-foreground" "-no-remote" "-profile" "/var/folders/xd/49pvzqyn4571rj96dzq_zsv80000gn/T/rust_mozprofileULrujB"
1599331785498	mozrunner::runner	INFO	Running command: "/Applications/Firefox.app/Contents/MacOS/firefox-bin" "--marionette" "-foreground" "-no-remote" "-profile" "/var/folders/xd/49pvzqyn4571rj96dzq_zsv80000gn/T/rust_mozprofilennYbU9"
console.error: SearchCache: "_readCacheFile: Error reading cache file:" (new Error("", "(unknown module)"))
console.error: SearchCache: "_readCacheFile: Error reading cache file:" (new Error("", "(unknown module)"))
1599331794009	Marionette	INFO	Listening on port 61680
1599331794030	Marionette	WARN	TLS certificate errors will be ignored for this session
1599331794069	Marionette	INFO	Listening on port 61681
1599331794133	Marionette	WARN	TLS certificate errors will be ignored for this session
1599331795219	Marionette	INFO	Stopped listening on port 61680
console.error: services.settings: 
  main/partitioning-exempt-urls Signature failed  TypeError: NetworkError when attempting to fetch resource.

###!!! [Parent][MessageChannel] Error: (msgtype=0xD,name=PAPZ::Msg_Destroy) Channel error: cannot send/recv

1599331798630	Marionette	INFO	Stopped listening on port 61681
1599331866613	geckodriver	INFO	Listening on 127.0.0.1:62233
1599331866613	geckodriver	INFO	Listening on 127.0.0.1:62234
1599331866655	mozrunner::runner	INFO	Running command: "/Applications/Firefox.app/Contents/MacOS/firefox-bin" "--marionette" "-foreground" "-no-remote" "-profile" "/var/folders/xd/49pvzqyn4571rj96dzq_zsv80000gn/T/rust_mozprofile3aFGFP"
1599331866660	mozrunner::runner	INFO	Running command: "/Applications/Firefox.app/Contents/MacOS/firefox-bin" "--marionette" "-foreground" "-no-remote" "-profile" "/var/folders/xd/49pvzqyn4571rj96dzq_zsv80000gn/T/rust_mozprofilefJFv0r"
console.error: SearchCache: "_readCacheFile: Error reading cache file:" (new Error("", "(unknown module)"))
console.error: SearchCache: "_readCacheFile: Error reading cache file:" (new Error("", "(unknown module)"))
1599331873698	Marionette	INFO	Listening on port 62252
1599331873720	Marionette	INFO	Listening on port 62250
1599331873791	Marionette	WARN	TLS certificate errors will be ignored for this session
1599331873795	Marionette	WARN	TLS certificate errors will be ignored for this session
1599331875409	Marionette	INFO	Stopped listening on port 62250

###!!! [Parent][MessageChannel] Error: (msgtype=0xD,name=PAPZ::Msg_Destroy) Channel error: cannot send/recv

1599331878148	Marionette	INFO	Stopped listening on port 62252
1599332419879	Marionette	INFO	Stopped listening on port 60021
1599332421322	Marionette	INFO	Stopped listening on port 59768
1599332422910	Marionette	INFO	Stopped listening on port 57907
1599332424516	Marionette	INFO	Stopped listening on port 57057
1599332426070	Marionette	INFO	Stopped listening on port 56627
1599332429326	Marionette	INFO	Stopped listening on port 55821
1599332431853	Marionette	INFO	Stopped listening on port 54907
1599332433444	Marionette	INFO	Stopped listening on port 54562
1599332434867	Marionette	INFO	Stopped listening on port 53924
1599332436458	Marionette	INFO	Stopped listening on port 53588
1599391618148	geckodriver	INFO	Listening on 127.0.0.1:56488
1599391618149	geckodriver	INFO	Listening on 127.0.0.1:56486
1599391618149	geckodriver	INFO	Listening on 127.0.0.1:56487
1599391618176	mozrunner::runner	INFO	Running command: "/Applications/Firefox.app/Contents/MacOS/firefox-bin" "--marionette" "-foreground" "-no-remote" "-profile" "/var/folders/xd/49pvzqyn4571rj96dzq_zsv80000gn/T/rust_mozprofileUFSt35"
1599391618181	mozrunner::runner	INFO	Running command: "/Applications/Firefox.app/Contents/MacOS/firefox-bin" "--marionette" "-foreground" "-no-remote" "-profile" "/var/folders/xd/49pvzqyn4571rj96dzq_zsv80000gn/T/rust_mozprofilebiRTXw"
1599391618188	mozrunner::runner	INFO	Running command: "/Applications/Firefox.app/Contents/MacOS/firefox-bin" "--marionette" "-foreground" "-no-remote" "-profile" "/var/folders/xd/49pvzqyn4571rj96dzq_zsv80000gn/T/rust_mozprofileBGIN7r"
console.error: SearchCache: "_readCacheFile: Error reading cache file:" (new Error("", "(unknown module)"))
console.error: SearchCache: "_readCacheFile: Error reading cache file:" (new Error("", "(unknown module)"))
console.error: SearchCache: "_readCacheFile: Error reading cache file:" (new Error("", "(unknown module)"))
1599391625844	Marionette	INFO	Listening on port 56516
1599391625853	Marionette	INFO	Listening on port 56506
1599391625870	Marionette	INFO	Listening on port 56514
1599391625902	Marionette	WARN	TLS certificate errors will be ignored for this session
1599391625944	Marionette	WARN	TLS certificate errors will be ignored for this session
1599391625988	Marionette	WARN	TLS certificate errors will be ignored for this session
1599391631853	Marionette	INFO	Stopped listening on port 56516
1599391631991	Marionette	INFO	Stopped listening on port 56514
1599391632068	Marionette	INFO	Stopped listening on port 56506
1599391633554	geckodriver	INFO	Listening on 127.0.0.1:56944
1599391633625	geckodriver	INFO	Listening on 127.0.0.1:56951
1599391633718	geckodriver	INFO	Listening on 127.0.0.1:56954
1599391634564	mozrunner::runner	INFO	Running command: "/Applications/Firefox.app/Contents/MacOS/firefox-bin" "--marionette" "-foreground" "-no-remote" "-profile" "/var/folders/xd/49pvzqyn4571rj96dzq_zsv80000gn/T/rust_mozprofilepJJhpw"
1599391634663	mozrunner::runner	INFO	Running command: "/Applications/Firefox.app/Contents/MacOS/firefox-bin" "--marionette" "-foreground" "-no-remote" "-profile" "/var/folders/xd/49pvzqyn4571rj96dzq_zsv80000gn/T/rust_mozprofileDBmbAp"
1599391634733	mozrunner::runner	INFO	Running command: "/Applications/Firefox.app/Contents/MacOS/firefox-bin" "--marionette" "-foreground" "-no-remote" "-profile" "/var/folders/xd/49pvzqyn4571rj96dzq_zsv80000gn/T/rust_mozprofilefLVr3V"
console.error: SearchCache: "_readCacheFile: Error reading cache file:" (new Error("", "(unknown module)"))
console.error: SearchCache: "_readCacheFile: Error reading cache file:" (new Error("", "(unknown module)"))
console.error: SearchCache: "_readCacheFile: Error reading cache file:" (new Error("", "(unknown module)"))
1599391641972	Marionette	INFO	Listening on port 56983
1599391642029	Marionette	INFO	Listening on port 56973
1599391642058	Marionette	WARN	TLS certificate errors will be ignored for this session
1599391642085	Marionette	WARN	TLS certificate errors will be ignored for this session
1599391642121	Marionette	INFO	Listening on port 56994
1599391642196	Marionette	WARN	TLS certificate errors will be ignored for this session
1599391644829	Marionette	INFO	Stopped listening on port 56994

###!!! [Parent][MessageChannel] Error: (msgtype=0x1D0011,name=PBackgroundStorage::Msg_Observe) Channel error: cannot send/recv

1599391646486	Marionette	INFO	Stopped listening on port 56973
1599391855752	geckodriver	INFO	Listening on 127.0.0.1:59082
1599391855753	geckodriver	INFO	Listening on 127.0.0.1:59083
1599391855768	geckodriver	INFO	Listening on 127.0.0.1:59084
1599391855787	mozrunner::runner	INFO	Running command: "/Applications/Firefox.app/Contents/MacOS/firefox-bin" "--marionette" "-foreground" "-no-remote" "-profile" "/var/folders/xd/49pvzqyn4571rj96dzq_zsv80000gn/T/rust_mozprofileB7xB6K"
1599391855787	mozrunner::runner	INFO	Running command: "/Applications/Firefox.app/Contents/MacOS/firefox-bin" "--marionette" "-foreground" "-no-remote" "-profile" "/var/folders/xd/49pvzqyn4571rj96dzq_zsv80000gn/T/rust_mozprofileDs5kJG"
1599391855803	mozrunner::runner	INFO	Running command: "/Applications/Firefox.app/Contents/MacOS/firefox-bin" "--marionette" "-foreground" "-no-remote" "-profile" "/var/folders/xd/49pvzqyn4571rj96dzq_zsv80000gn/T/rust_mozprofiley5xzmo"
console.error: SearchCache: "_readCacheFile: Error reading cache file:" (new Error("", "(unknown module)"))
console.error: SearchCache: "_readCacheFile: Error reading cache file:" (new Error("", "(unknown module)"))
console.error: SearchCache: "_readCacheFile: Error reading cache file:" (new Error("", "(unknown module)"))
1599391867657	Marionette	INFO	Listening on port 59113
1599391867658	Marionette	INFO	Listening on port 59104
1599391867691	Marionette	WARN	TLS certificate errors will be ignored for this session
1599391867877	Marionette	WARN	TLS certificate errors will be ignored for this session
1599391868011	Marionette	INFO	Listening on port 59101
1599391868137	Marionette	WARN	TLS certificate errors will be ignored for this session
1599391872855	Marionette	INFO	Stopped listening on port 59113

###!!! [Parent][MessageChannel] Error: (msgtype=0xD,name=PAPZ::Msg_Destroy) Channel error: cannot send/recv

1599391874257	Marionette	INFO	Stopped listening on port 59101
1599391874352	Marionette	INFO	Stopped listening on port 59104
1599391877207	geckodriver	INFO	Listening on 127.0.0.1:59696
1599391877578	geckodriver	INFO	Listening on 127.0.0.1:59703
1599391877680	geckodriver	INFO	Listening on 127.0.0.1:59706
1599391878219	mozrunner::runner	INFO	Running command: "/Applications/Firefox.app/Contents/MacOS/firefox-bin" "--marionette" "-foreground" "-no-remote" "-profile" "/var/folders/xd/49pvzqyn4571rj96dzq_zsv80000gn/T/rust_mozprofileynbplX"
1599391878603	mozrunner::runner	INFO	Running command: "/Applications/Firefox.app/Contents/MacOS/firefox-bin" "--marionette" "-foreground" "-no-remote" "-profile" "/var/folders/xd/49pvzqyn4571rj96dzq_zsv80000gn/T/rust_mozprofileO8aNG9"
1599391878705	mozrunner::runner	INFO	Running command: "/Applications/Firefox.app/Contents/MacOS/firefox-bin" "--marionette" "-foreground" "-no-remote" "-profile" "/var/folders/xd/49pvzqyn4571rj96dzq_zsv80000gn/T/rust_mozprofile4DDPed"
console.error: SearchCache: "_readCacheFile: Error reading cache file:" (new Error("", "(unknown module)"))
console.error: SearchCache: "_readCacheFile: Error reading cache file:" (new Error("", "(unknown module)"))
console.error: SearchCache: "_readCacheFile: Error reading cache file:" (new Error("", "(unknown module)"))
1599391887669	Marionette	INFO	Listening on port 59721
1599391887898	Marionette	WARN	TLS certificate errors will be ignored for this session
1599391888524	Marionette	INFO	Listening on port 59738
1599391888604	Marionette	WARN	TLS certificate errors will be ignored for this session
1599391888681	Marionette	INFO	Listening on port 59749
1599391888814	Marionette	WARN	TLS certificate errors will be ignored for this session
1599391891992	Marionette	WARN	TimedPromise timed out after 500 ms: stacktrace:
TimedPromise/<@chrome://marionette/content/sync.js:245:13
TimedPromise@chrome://marionette/content/sync.js:230:10
interaction.flushEventLoop@chrome://marionette/content/interaction.js:416:10
webdriverClickElement@chrome://marionette/content/interaction.js:182:31
1599391892303	Marionette	INFO	Stopped listening on port 59738
1599391895499	Marionette	INFO	Stopped listening on port 59749
1599391895859	Marionette	INFO	Stopped listening on port 59721

###!!! [Parent][MessageChannel] Error: (msgtype=0xD,name=PAPZ::Msg_Destroy) Channel error: cannot send/recv

1599392011786	geckodriver	INFO	Listening on 127.0.0.1:61335
1599392011789	geckodriver	INFO	Listening on 127.0.0.1:61337
1599392011793	geckodriver	INFO	Listening on 127.0.0.1:61338
1599392011831	mozrunner::runner	INFO	Running command: "/Applications/Firefox.app/Contents/MacOS/firefox-bin" "--marionette" "-foreground" "-no-remote" "-profile" "/var/folders/xd/49pvzqyn4571rj96dzq_zsv80000gn/T/rust_mozprofile063kD3"
1599392011854	mozrunner::runner	INFO	Running command: "/Applications/Firefox.app/Contents/MacOS/firefox-bin" "--marionette" "-foreground" "-no-remote" "-profile" "/var/folders/xd/49pvzqyn4571rj96dzq_zsv80000gn/T/rust_mozprofileNsqUTz"
1599392011876	mozrunner::runner	INFO	Running command: "/Applications/Firefox.app/Contents/MacOS/firefox-bin" "--marionette" "-foreground" "-no-remote" "-profile" "/var/folders/xd/49pvzqyn4571rj96dzq_zsv80000gn/T/rust_mozprofileu1NaK3"
console.error: SearchCache: "_readCacheFile: Error reading cache file:" (new Error("", "(unknown module)"))
console.error: SearchCache: "_readCacheFile: Error reading cache file:" (new Error("", "(unknown module)"))
console.error: SearchCache: "_readCacheFile: Error reading cache file:" (new Error("", "(unknown module)"))
1599392021670	Marionette	INFO	Listening on port 61349
1599392021741	Marionette	WARN	TLS certificate errors will be ignored for this session
1599392021788	Marionette	INFO	Listening on port 61359
1599392021820	Marionette	INFO	Listening on port 61366
1599392021885	Marionette	WARN	TLS certificate errors will be ignored for this session
1599392022055	Marionette	WARN	TLS certificate errors will be ignored for this session
1599392025156	Marionette	INFO	Stopped listening on port 61366
1599392025986	Marionette	INFO	Stopped listening on port 61359
1599392026026	Marionette	INFO	Stopped listening on port 61349
1599392027347	geckodriver	INFO	Listening on 127.0.0.1:61866
1599392027376	geckodriver	INFO	Listening on 127.0.0.1:61869
1599392027422	geckodriver	INFO	Listening on 127.0.0.1:61872
1599392028343	mozrunner::runner	INFO	Running command: "/Applications/Firefox.app/Contents/MacOS/firefox-bin" "--marionette" "-foreground" "-no-remote" "-profile" "/var/folders/xd/49pvzqyn4571rj96dzq_zsv80000gn/T/rust_mozprofileQ0SiWP"
1599392028392	mozrunner::runner	INFO	Running command: "/Applications/Firefox.app/Contents/MacOS/firefox-bin" "--marionette" "-foreground" "-no-remote" "-profile" "/var/folders/xd/49pvzqyn4571rj96dzq_zsv80000gn/T/rust_mozprofile8upV3D"
1599392028443	mozrunner::runner	INFO	Running command: "/Applications/Firefox.app/Contents/MacOS/firefox-bin" "--marionette" "-foreground" "-no-remote" "-profile" "/var/folders/xd/49pvzqyn4571rj96dzq_zsv80000gn/T/rust_mozprofileoA96Mp"
console.error: SearchCache: "_readCacheFile: Error reading cache file:" (new Error("", "(unknown module)"))
console.error: SearchCache: "_readCacheFile: Error reading cache file:" (new Error("", "(unknown module)"))
console.error: SearchCache: "_readCacheFile: Error reading cache file:" (new Error("", "(unknown module)"))
1599392036194	Marionette	INFO	Listening on port 61902
1599392036199	Marionette	INFO	Listening on port 61892
1599392036271	Marionette	WARN	TLS certificate errors will be ignored for this session
1599392036310	Marionette	WARN	TLS certificate errors will be ignored for this session
1599392036396	Marionette	INFO	Listening on port 61912
1599392036538	Marionette	WARN	TLS certificate errors will be ignored for this session
1599392039630	Marionette	INFO	Stopped listening on port 61912

###!!! [Parent][MessageChannel] Error: (msgtype=0xD,name=PAPZ::Msg_Destroy) Channel error: cannot send/recv

1599392041489	Marionette	INFO	Stopped listening on port 61892
1599392044435	Marionette	INFO	Stopped listening on port 61902
1599392233384	Marionette	INFO	Stopped listening on port 56983
